<?xml version="1.0" encoding="UTF-8" ?>
<testsuite errors="0" failures="0" hostname="mushroom.cable.virginmedia.net" name="com.unsprung.careless.PostProcessorTest" tests="3" time="0" timestamp="2014-09-19T16:26:17">
    <properties>
[...]
</properties>
    <testcase classname="com.unsprung.careless.PostProcessorTest" name="noChangeMadeWhenThereAreNoPostProcessors" time="0.001" ></testcase>
    <testcase classname="com.unsprung.careless.PostProcessorTest" name="canChangeCompiledCss" time="0.052" ></testcase>
    <testcase classname="com.unsprung.careless.PostProcessorTest" name="shouldApplyChangesInOrder" time="0.001" ></testcase>

    <system-out><![CDATA[]]></system-out>
    <system-err><![CDATA[]]></system-err>
</testsuite>
